[    0.000000] Linux version 4.15.0-212-generic (buildd@lcy02-amd64-083) (gcc version 7.5.0 (Ubuntu 7.5.0-3ubuntu1~18.04)) #223-Ubuntu SMP Tue May 23 13:09:22 UTC 2023 (Ubuntu 4.15.0-212.223-generic 4.15.18)
[    0.000000] Command line: BOOT_IMAGE=/boot/vmlinuz-4.15.0-212-generic root=LABEL=cloudimg-rootfs ro console=tty1 console=ttyS0
[    0.000000] KERNEL supported cpus:
[    0.000000]   Intel GenuineIntel
[    0.000000]   AMD AuthenticAMD
[    0.000000]   Centaur CentaurHauls
[    0.000000] x86/fpu: x87 FPU will use FXSAVE
[    0.000000] e820: BIOS-provided physical RAM map:
[    0.000000] BIOS-e820: [mem 0x0000000000000000-0x000000000009fbff] usable
[    0.000000] BIOS-e820: [mem 0x000000000009fc00-0x000000000009ffff] reserved
[    0.000000] BIOS-e820: [mem 0x00000000000f0000-0x00000000000fffff] reserved
[    0.000000] BIOS-e820: [mem 0x0000000000100000-0x000000001ffeffff] usable
[    0.000000] BIOS-e820: [mem 0x000000001fff0000-0x000000001fffffff] ACPI data
[    0.000000] BIOS-e820: [mem 0x00000000fec00000-0x00000000fec00fff] reserved
[    0.000000] BIOS-e820: [mem 0x00000000fee00000-0x00000000fee00fff] reserved
[    0.000000] BIOS-e820: [mem 0x00000000fffc0000-0x00000000ffffffff] reserved
[    0.000000] NX (Execute Disable) protection: active
[    0.000000] SMBIOS 2.5 present.
[    0.000000] DMI: innotek GmbH VirtualBox/VirtualBox, BIOS VirtualBox 12/01/2006
[    0.000000] Hypervisor detected: KVM
[    0.000000] e820: last_pfn = 0x1fff0 max_arch_pfn = 0x400000000
[    0.000000] x86/PAT: Configuration [0-7]: WB  WC  UC- UC  WB  WP  UC- WT  
[    0.000000] CPU MTRRs all blank - virtualized system.
[    0.000000] found SMP MP-table at [mem 0x0009fbf0-0x0009fbff]
[    0.000000] Scanning 1 areas for low memory corruption
[    0.000000] RAMDISK: [mem 0x1db01000-0x1ee12fff]
[    0.000000] ACPI: Early table checksum verification disabled
[    0.000000] ACPI: RSDP 0x00000000000E0000 000024 (v02 VBOX  )
[    0.000000] ACPI: XSDT 0x000000001FFF0030 00003C (v01 VBOX   VBOXXSDT 00000001 ASL  00000061)
[    0.000000] ACPI: FACP 0x000000001FFF00F0 0000F4 (v04 VBOX   VBOXFACP 00000001 ASL  00000061)
[    0.000000] ACPI: DSDT 0x000000001FFF0610 002353 (v02 VBOX   VBOXBIOS 00000002 INTL 20100528)
[    0.000000] ACPI: FACS 0x000000001FFF0200 000040
[    0.000000] ACPI: FACS 0x000000001FFF0200 000040
[    0.000000] ACPI: APIC 0x000000001FFF0240 000054 (v02 VBOX   VBOXAPIC 00000001 ASL  00000061)
[    0.000000] ACPI: SSDT 0x000000001FFF02A0 00036C (v01 VBOX   VBOXCPUT 00000002 INTL 20100528)
[    0.000000] ACPI: Reserving FACP table memory at [mem 0x1fff00f0-0x1fff01e3]
[    0.000000] ACPI: Reserving DSDT table memory at [mem 0x1fff0610-0x1fff2962]
[    0.000000] ACPI: Reserving FACS table memory at [mem 0x1fff0200-0x1fff023f]
[    0.000000] ACPI: Reserving FACS table memory at [mem 0x1fff0200-0x1fff023f]
[    0.000000] ACPI: Reserving APIC table memory at [mem 0x1fff0240-0x1fff0293]
[    0.000000] ACPI: Reserving SSDT table memory at [mem 0x1fff02a0-0x1fff060b]
[    0.000000] No NUMA configuration found
[    0.000000] Faking a node at [mem 0x0000000000000000-0x000000001ffeffff]
[    0.000000] NODE_DATA(0) allocated [mem 0x1ffc5000-0x1ffeffff]
[    0.000000] kvm-clock: cpu 0, msr 0:1ff44001, primary cpu clock
[    0.000000] kvm-clock: Using msrs 4b564d01 and 4b564d00
[    0.000000] kvm-clock: using sched offset of 3996110932 cycles
[    0.000000] clocksource: kvm-clock: mask: 0xffffffffffffffff max_cycles: 0x1cd42e4dffb, max_idle_ns: 881590591483 ns
[    0.000000] Zone ranges:
[    0.000000]   DMA      [mem 0x0000000000001000-0x0000000000ffffff]
[    0.000000]   DMA32    [mem 0x0000000001000000-0x000000001ffeffff]
[    0.000000]   Normal   empty
[    0.000000]   Device   empty
[    0.000000] Movable zone start for each node
[    0.000000] Early memory node ranges
[    0.000000]   node   0: [mem 0x0000000000001000-0x000000000009efff]
[    0.000000]   node   0: [mem 0x0000000000100000-0x000000001ffeffff]
[    0.000000] Reserved but unavailable: 104 pages
[    0.000000] Initmem setup node 0 [mem 0x0000000000001000-0x000000001ffeffff]
[    0.000000] ACPI: PM-Timer IO Port: 0x4008
[    0.000000] IOAPIC[0]: apic_id 1, version 32, address 0xfec00000, GSI 0-23
[    0.000000] ACPI: INT_SRC_OVR (bus 0 bus_irq 0 global_irq 2 dfl dfl)
[    0.000000] ACPI: INT_SRC_OVR (bus 0 bus_irq 9 global_irq 9 low level)
[    0.000000] Using ACPI (MADT) for SMP configuration information
[    0.000000] smpboot: Allowing 1 CPUs, 0 hotplug CPUs
[    0.000000] PM: Registered nosave memory: [mem 0x00000000-0x00000fff]
[    0.000000] PM: Registered nosave memory: [mem 0x0009f000-0x0009ffff]
[    0.000000] PM: Registered nosave memory: [mem 0x000a0000-0x000effff]
[    0.000000] PM: Registered nosave memory: [mem 0x000f0000-0x000fffff]
[    0.000000] e820: [mem 0x20000000-0xfebfffff] available for PCI devices
[    0.000000] Booting paravirtualized kernel on KVM
[    0.000000] clocksource: refined-jiffies: mask: 0xffffffff max_cycles: 0xffffffff, max_idle_ns: 7645519600211568 ns
[    0.000000] setup_percpu: NR_CPUS:8192 nr_cpumask_bits:1 nr_cpu_ids:1 nr_node_ids:1
[    0.000000] percpu: Embedded 50 pages/cpu s167936 r8192 d28672 u2097152
[    0.000000] PV qspinlock hash table entries: 256 (order: 0, 4096 bytes)
[    0.000000] Built 1 zonelists, mobility grouping on.  Total pages: 128889
[    0.000000] Policy zone: DMA32
[    0.000000] Kernel command line: BOOT_IMAGE=/boot/vmlinuz-4.15.0-212-generic root=LABEL=cloudimg-rootfs ro console=tty1 console=ttyS0
[    0.000000] Memory: 466748K/523832K available (12300K kernel code, 2477K rwdata, 4324K rodata, 2480K init, 2720K bss, 57084K reserved, 0K cma-reserved)
[    0.000000] SLUB: HWalign=64, Order=0-3, MinObjects=0, CPUs=1, Nodes=1
[    0.000000] ftrace: allocating 39508 entries in 155 pages
[    0.004000] Hierarchical RCU implementation.
[    0.004000] 	RCU restricting CPUs from NR_CPUS=8192 to nr_cpu_ids=1.
[    0.004000] 	Tasks RCU enabled.
[    0.004000] RCU: Adjusting geometry for rcu_fanout_leaf=16, nr_cpu_ids=1
[    0.004000] NR_IRQS: 524544, nr_irqs: 256, preallocated irqs: 16
[    0.004000] random: crng init done
[    0.004000] Console: colour VGA+ 80x25
[    0.004000] console [tty1] enabled
[    0.004000] console [ttyS0] enabled
[    0.004000] ACPI: Core revision 20170831
[    0.004000] ACPI: 2 ACPI AML tables successfully acquired and loaded
[    0.004000] APIC: Switch to symmetric I/O mode setup
[    0.004000] ..TIMER: vector=0x30 apic1=0 pin1=2 apic2=-1 pin2=-1
[    0.004006] tsc: Detected 2918.412 MHz processor
[    0.008011] Calibrating delay loop (skipped) preset value.. 5836.82 BogoMIPS (lpj=11673648)
[    0.012003] pid_max: default: 32768 minimum: 301
[    0.016025] Security Framework initialized
[    0.020003] Yama: becoming mindful.
[    0.022843] AppArmor: AppArmor initialized
[    0.028081] Dentry cache hash table entries: 65536 (order: 7, 524288 bytes)
[    0.032039] Inode-cache hash table entries: 32768 (order: 6, 262144 bytes)
[    0.036016] Mount-cache hash table entries: 1024 (order: 1, 8192 bytes)
[    0.040008] Mountpoint-cache hash table entries: 1024 (order: 1, 8192 bytes)
[    0.048104] Last level iTLB entries: 4KB 0, 2MB 0, 4MB 0
[    0.052003] Last level dTLB entries: 4KB 0, 2MB 0, 4MB 0, 1GB 0
[    0.056006] Spectre V1 : Mitigation: usercopy/swapgs barriers and __user pointer sanitization
[    0.060007] Spectre V2 : Mitigation: Enhanced IBRS
[    0.064004] Spectre V2 : Spectre v2 / SpectreRSB mitigation: Filling RSB on context switch
[    0.068004] Spectre V2 : Spectre v2 / PBRSB-eIBRS: Retire a single CALL on VMEXIT
[    0.072003] RETBleed: Mitigation: Enhanced IBRS
[    0.076003] Speculative Store Bypass: Vulnerable
[    0.086719] Freeing SMP alternatives memory: 36K
[    0.200638] smpboot: CPU0: 11th Gen Intel(R) Core(TM) i7-11390H @ 3.40GHz (family: 0x6, model: 0x8c, stepping: 0x2)
[    0.204120] Performance Events: unsupported p6 CPU model 140 no PMU driver, software events only.
[    0.208068] Hierarchical SRCU implementation.
[    0.212680] NMI watchdog: Perf event create on CPU 0 failed with -2
[    0.216002] NMI watchdog: Perf NMI watchdog permanently disabled
[    0.220055] smp: Bringing up secondary CPUs ...
[    0.224004] smp: Brought up 1 node, 1 CPU
[    0.228003] smpboot: Max logical packages: 1
[    0.232072] smpboot: Total of 1 processors activated (5836.82 BogoMIPS)
[    0.236148] devtmpfs: initialized
[    0.240047] x86/mm: Memory block size: 128MB
[    0.244119] evm: security.selinux
[    0.246352] evm: security.SMACK64
[    0.248003] evm: security.SMACK64EXEC
[    0.250019] evm: security.SMACK64TRANSMUTE
[    0.252005] evm: security.SMACK64MMAP
[    0.256006] evm: security.apparmor
[    0.258647] evm: security.ima
[    0.260005] evm: security.capability
[    0.264128] clocksource: jiffies: mask: 0xffffffff max_cycles: 0xffffffff, max_idle_ns: 7645041785100000 ns
[    0.268021] futex hash table entries: 256 (order: 2, 16384 bytes)
[    0.272057] pinctrl core: initialized pinctrl subsystem
[    0.276272] RTC time:  5:29:17, date: 11/11/24
[    0.280126] NET: Registered protocol family 16
[    0.283841] audit: initializing netlink subsys (disabled)
[    0.284160] cpuidle: using governor ladder
[    0.288010] audit: type=2000 audit(1731302962.413:1): state=initialized audit_enabled=0 res=1
[    0.292015] cpuidle: using governor menu
[    0.296071] ACPI: bus type PCI registered
[    0.300006] acpiphp: ACPI Hot Plug PCI Controller Driver version: 0.5
[    0.304266] PCI: Using configuration type 1 for base access
[    0.309170] HugeTLB registered 2.00 MiB page size, pre-allocated 0 pages
[    0.312212] ACPI: Added _OSI(Module Device)
[    0.316009] ACPI: Added _OSI(Processor Device)
[    0.320006] ACPI: Added _OSI(3.0 _SCP Extensions)
[    0.324006] ACPI: Added _OSI(Processor Aggregator Device)
[    0.328020] ACPI: Added _OSI(Linux-Dell-Video)
[    0.332040] ACPI: Added _OSI(Linux-Lenovo-NV-HDMI-Audio)
[    0.336003] ACPI: Added _OSI(Linux-HPI-Hybrid-Graphics)
[    0.341077] ACPI: Executed 1 blocks of module-level executable AML code
[    0.350171] ACPI: Interpreter enabled
[    0.352016] ACPI: (supports S0 S5)
[    0.356004] ACPI: Using IOAPIC for interrupt routing
[    0.360521] PCI: Using host bridge windows from ACPI; if necessary, use "pci=nocrs" and report a bug
[    0.364285] ACPI: Enabled 2 GPEs in block 00 to 07
[    0.383043] ACPI: PCI Root Bridge [PCI0] (domain 0000 [bus 00-ff])
[    0.384018] acpi PNP0A03:00: _OSC: OS supports [ASPM ClockPM Segments MSI]
[    0.392876] acpi PNP0A03:00: _OSC: not requesting OS control; OS requires [ExtendedConfig ASPM ClockPM MSI]
[    0.396021] acpi PNP0A03:00: fail to add MMCONFIG information, can't access extended PCI configuration space under this bridge.
[    0.400656] PCI host bridge to bus 0000:00
[    0.404007] pci_bus 0000:00: root bus resource [io  0x0000-0x0cf7 window]
[    0.408005] pci_bus 0000:00: root bus resource [io  0x0d00-0xffff window]
[    0.412005] pci_bus 0000:00: root bus resource [mem 0x000a0000-0x000bffff window]
[    0.416009] pci_bus 0000:00: root bus resource [mem 0x20000000-0xfdffffff window]
[    0.420009] pci_bus 0000:00: root bus resource [bus 00-ff]
[    0.435123] pci 0000:00:01.1: legacy IDE quirk: reg 0x10: [io  0x01f0-0x01f7]
[    0.436007] pci 0000:00:01.1: legacy IDE quirk: reg 0x14: [io  0x03f6]
[    0.440005] pci 0000:00:01.1: legacy IDE quirk: reg 0x18: [io  0x0170-0x0177]
[    0.444004] pci 0000:00:01.1: legacy IDE quirk: reg 0x1c: [io  0x0376]
[    0.482103] pci 0000:00:07.0: quirk: [io  0x4000-0x403f] claimed by PIIX4 ACPI
[    0.484043] pci 0000:00:07.0: quirk: [io  0x4100-0x410f] claimed by PIIX4 SMB
[    0.501089] ACPI: PCI Interrupt Link [LNKA] (IRQs 5 9 10 *11)
[    0.504709] ACPI: PCI Interrupt Link [LNKB] (IRQs 5 9 *10 11)
[    0.508255] ACPI: PCI Interrupt Link [LNKC] (IRQs 5 *9 10 11)
[    0.512274] ACPI: PCI Interrupt Link [LNKD] (IRQs 5 9 10 *11)
[    0.516495] SCSI subsystem initialized
[    0.520143] pci 0000:00:02.0: vgaarb: setting as boot VGA device
[    0.524000] pci 0000:00:02.0: vgaarb: VGA device added: decodes=io+mem,owns=io+mem,locks=none
[    0.524012] pci 0000:00:02.0: vgaarb: bridge control possible
[    0.528004] vgaarb: loaded
[    0.532076] ACPI: bus type USB registered
[    0.536031] usbcore: registered new interface driver usbfs
[    0.540020] usbcore: registered new interface driver hub
[    0.544030] usbcore: registered new device driver usb
[    0.548078] EDAC MC: Ver: 3.0.0
[    0.552895] PCI: Using ACPI for IRQ routing
[    0.557009] NetLabel: Initializing
[    0.560007] NetLabel:  domain hash size = 128
[    0.564004] NetLabel:  protocols = UNLABELED CIPSOv4 CALIPSO
[    0.568034] NetLabel:  unlabeled traffic allowed by default
[    0.572174] clocksource: Switched to clocksource kvm-clock
[    0.648041] VFS: Disk quotas dquot_6.6.0
[    0.653508] VFS: Dquot-cache hash table entries: 512 (order 0, 4096 bytes)
[    0.661956] AppArmor: AppArmor Filesystem Enabled
[    0.668234] pnp: PnP ACPI init
[    0.674911] pnp: PnP ACPI: found 3 devices
[    0.690196] clocksource: acpi_pm: mask: 0xffffff max_cycles: 0xffffff, max_idle_ns: 2085701024 ns
[    0.706501] NET: Registered protocol family 2
[    0.713542] IP idents hash table entries: 8192 (order: 4, 65536 bytes)
[    0.723458] TCP established hash table entries: 4096 (order: 3, 32768 bytes)
[    0.733040] TCP bind hash table entries: 4096 (order: 4, 65536 bytes)
[    0.742228] TCP: Hash tables configured (established 4096 bind 4096)
[    0.751150] UDP hash table entries: 256 (order: 1, 8192 bytes)
[    0.759513] UDP-Lite hash table entries: 256 (order: 1, 8192 bytes)
[    0.767872] NET: Registered protocol family 1
[    0.774080] pci 0000:00:00.0: Limiting direct PCI/PCI transfers
[    0.782418] pci 0000:00:01.0: Activating ISA DMA hang workarounds
[    0.791156] pci 0000:00:02.0: Video device with shadowed ROM at [mem 0x000c0000-0x000dffff]
[    0.803301] Unpacking initramfs...
[    1.512447] Freeing initrd memory: 19528K
[    1.520123] clocksource: tsc: mask: 0xffffffffffffffff max_cycles: 0x2a113447b7c, max_idle_ns: 440795245591 ns
[    1.528130] platform rtc_cmos: registered platform RTC device (no PNP device found)
[    1.533543] Scanning for low memory corruption every 60 seconds
[    1.537912] Initialise system trusted keyrings
[    1.541471] Key type blacklist registered
[    1.544303] workingset: timestamp_bits=36 max_order=17 bucket_order=0
[    1.550743] zbud: loaded
[    1.553167] squashfs: version 4.0 (2009/01/31) Phillip Lougher
[    1.557462] fuse init (API version 7.26)
[    1.561127] Key type asymmetric registered
[    1.564454] Asymmetric key parser 'x509' registered
[    1.567489] Block layer SCSI generic (bsg) driver version 0.4 loaded (major 246)
[    1.572384] io scheduler noop registered
[    1.574746] io scheduler deadline registered
[    1.578014] io scheduler cfq registered (default)
[    1.581853] ACPI: AC Adapter [AC] (on-line)
[    1.584964] input: Power Button as /devices/LNXSYSTM:00/LNXPWRBN:00/input/input0
[    1.590174] ACPI: Power Button [PWRF]
[    1.592790] input: Sleep Button as /devices/LNXSYSTM:00/LNXSLPBN:00/input/input1
[    1.598232] ACPI: Sleep Button [SLPF]
[    1.602539] ACPI: Battery Slot [BAT0] (battery present)
[    1.606321] Serial: 8250/16550 driver, 32 ports, IRQ sharing enabled
[    1.639014] 00:02: ttyS0 at I/O 0x3f8 (irq = 4, base_baud = 115200) is a 16550A
[    1.648365] Linux agpgart interface v0.103
[    1.653818] loop: module loaded
[    1.657504] scsi host0: ata_piix
[    1.660063] scsi host1: ata_piix
[    1.662559] ata1: PATA max UDMA/33 cmd 0x1f0 ctl 0x3f6 bmdma 0xd000 irq 14
[    1.667023] ata2: PATA max UDMA/33 cmd 0x170 ctl 0x376 bmdma 0xd008 irq 15
[    1.673382] tun: Universal TUN/TAP device driver, 1.6
[    1.677241] PPP generic driver version 2.4.2
[    1.680492] ehci_hcd: USB 2.0 'Enhanced' Host Controller (EHCI) Driver
[    1.685164] ehci-pci: EHCI PCI platform driver
[    1.688502] ehci-platform: EHCI generic platform driver
[    1.692271] ohci_hcd: USB 1.1 'Open' Host Controller (OHCI) Driver
[    1.696707] ohci-pci: OHCI PCI platform driver
[    1.699768] ohci-platform: OHCI generic platform driver
[    1.703721] uhci_hcd: USB Universal Host Controller Interface driver
[    1.710306] i8042: PNP: PS/2 Controller [PNP0303:PS2K,PNP0f03:PS2M] at 0x60,0x64 irq 1,12
[    1.726691] serio: i8042 KBD port at 0x60,0x64 irq 1
[    1.733885] serio: i8042 AUX port at 0x60,0x64 irq 12
[    1.740425] mousedev: PS/2 mouse device common for all mice
[    1.747599] input: AT Translated Set 2 keyboard as /devices/platform/i8042/serio0/input/input2
[    1.755092] rtc_cmos rtc_cmos: rtc core: registered rtc_cmos as rtc0
[    1.760564] rtc_cmos rtc_cmos: alarms up to one day, 114 bytes nvram
[    1.769117] i2c /dev entries driver
[    1.775686] device-mapper: uevent: version 1.0.3
[    1.781219] device-mapper: ioctl: 4.37.0-ioctl (2017-09-20) initialised: dm-devel@redhat.com
[    1.792779] ledtrig-cpu: registered to indicate activity on CPUs
[    1.801770] NET: Registered protocol family 10
[    1.814006] Segment Routing with IPv6
[    1.817727] NET: Registered protocol family 17
[    1.821158] Key type dns_resolver registered
[    1.823968] mce: Using 0 MCE banks
[    1.826619] RAS: Correctable Errors collector initialized.
[    1.830707] sched_clock: Marking stable (1830653138, 0)->(2606924753, -776271615)
[    1.886731] registered taskstats version 1
[    1.890519] Loading compiled-in X.509 certificates
[    1.897919] Loaded X.509 cert 'Build time autogenerated kernel key: b5b26778eaa3ab3a4a6cee031137706e947d12ad'
[    1.905430] Loaded X.509 cert 'Canonical Ltd. Live Patch Signing: 14df34d1a87cf37625abec039ef2bf521249b969'
[    1.912536] Loaded X.509 cert 'Canonical Ltd. Kernel Module Signing: 88f752e560a1e0737e31163a466ad7b70a850c19'
[    1.919418] blacklist: Loading compiled-in revocation X.509 certificates
[    1.924136] Loaded X.509 cert 'Canonical Ltd. Secure Boot Signing: 61482aa2830d0ab2ad5af10b7250da9033ddcef0'
[    1.931023] Loaded X.509 cert 'Canonical Ltd. Secure Boot Signing (2017): 242ade75ac4a15e50d50c84b0d45ff3eae707a03'
[    1.938480] Loaded X.509 cert 'Canonical Ltd. Secure Boot Signing (ESM 2018): 365188c1d374d6b07c3c8f240f8ef722433d6a8b'
[    1.946107] Loaded X.509 cert 'Canonical Ltd. Secure Boot Signing (2019): c0746fd6c5da3ae827864651ad66ae47fe24b3e8'
[    1.953698] Loaded X.509 cert 'Canonical Ltd. Secure Boot Signing (2021 v1): a8d54bbb3825cfb94fa13c9f8a594a195c107b8d'
[    1.961026] Loaded X.509 cert 'Canonical Ltd. Secure Boot Signing (2021 v2): 4cf046892d6fd3c9a5b03f98d845f90851dc6a8c'
[    1.968375] Loaded X.509 cert 'Canonical Ltd. Secure Boot Signing (2021 v3): 100437bb6de6e469b581e61cd66bce3ef4ed53af'
[    1.975761] Loaded X.509 cert 'Canonical Ltd. Secure Boot Signing (Ubuntu Core 2019): c1d57b8f6b743f23ee41f4f7ee292f06eecadfb9'
[    1.984353] zswap: loaded using pool lzo/zbud
[    1.990801] Key type big_key registered
[    1.993685] Key type trusted registered
[    1.998245] Key type encrypted registered
[    2.001289] AppArmor: AppArmor sha1 policy hashing enabled
[    2.005402] ima: No TPM chip found, activating TPM-bypass! (rc=-19)
[    2.009741] ima: Allocated hash algorithm: sha1
[    2.013163] evm: HMAC attrs: 0x1
[    2.016011]   Magic number: 0:312:466
[    2.018697]  cache: hash matches
[    2.021306] rtc_cmos rtc_cmos: setting system clock to 2024-11-11 05:29:19 UTC (1731302959)
[    2.027148] BIOS EDD facility v0.16 2004-Jun-25, 0 devices found
[    2.031445] EDD information not available.
[    2.036664] Freeing unused kernel image memory: 2480K
[    2.048083] Write protecting the kernel read-only data: 20480k
[    2.052501] Freeing unused kernel image memory: 2008K
[    2.055853] Freeing unused kernel image memory: 1820K
[    2.063176] x86/mm: Checked W+X mappings: passed, no W+X pages found.
Loading, please wait...
starting version 237
[    2.188351] e1000: Intel(R) PRO/1000 Network Driver - version 7.3.21-k8-NAPI
[    2.196123] e1000: Copyright (c) 1999-2006 Intel Corporation.
[    2.203733] Fusion MPT base driver 3.04.20
[    2.206804] Copyright (c) 1999-2008 LSI Corporation
[    2.233021] SSE version of gcm_enc/dec engaged.
[    2.257746] Fusion MPT SPI Host driver 3.04.20
[    2.273229] mptbase: ioc0: Initiating bringup
[    2.394692] ioc0: LSI53C1030 A0: Capabilities={Initiator}
[    2.451617] input: ImExPS/2 Generic Explorer Mouse as /devices/platform/i8042/serio1/input/input4
[    2.669726] scsi host2: ioc0: LSI53C1030 A0, FwRev=00000000h, Ports=1, MaxQ=256, IRQ=20
[    2.849394] scsi 2:0:0:0: Direct-Access     VBOX     HARDDISK         1.0  PQ: 0 ANSI: 5
[    2.860894] scsi target2:0:0: Beginning Domain Validation
[    2.869008] scsi target2:0:0: Domain Validation skipping write tests
[    2.874465] scsi target2:0:0: Ending Domain Validation
[    2.882285] scsi target2:0:0: asynchronous
[    2.890211] scsi 2:0:1:0: Direct-Access     VBOX     HARDDISK         1.0  PQ: 0 ANSI: 5
[    2.895852] scsi target2:0:1: Beginning Domain Validation
[    3.012990] scsi target2:0:1: Domain Validation skipping write tests
[    3.018516] scsi target2:0:1: Ending Domain Validation
[    3.022352] scsi target2:0:1: asynchronous
[    3.159012] sd 2:0:0:0: Attached scsi generic sg0 type 0
[    3.166533] sd 2:0:0:0: [sda] 83886080 512-byte logical blocks: (42.9 GB/40.0 GiB)
[    3.182058] sd 2:0:0:0: [sda] Write Protect is off
[    3.187906] sd 2:0:1:0: [sdb] 20480 512-byte logical blocks: (10.5 MB/10.0 MiB)
[    3.195683] sd 2:0:1:0: Attached scsi generic sg1 type 0
[    3.210512] sd 2:0:0:0: [sda] Incomplete mode parameter data
[    3.216835] sd 2:0:0:0: [sda] Assuming drive cache: write through
[    3.222818] sd 2:0:1:0: [sdb] Write Protect is off
[    3.240665] sd 2:0:1:0: [sdb] Incomplete mode parameter data
[    3.247654] sd 2:0:1:0: [sdb] Assuming drive cache: write through
[    3.275964]  sda: sda1
[    3.290430] sd 2:0:0:0: [sda] Attached SCSI disk
[    3.296597] sd 2:0:1:0: [sdb] Attached SCSI disk
[    3.787306] e1000 0000:00:03.0 eth0: (PCI:33MHz:32-bit) 02:3b:7b:b7:3b:2d
[    3.794581] e1000 0000:00:03.0 eth0: Intel(R) PRO/1000 Network Connection
[    4.509718] e1000 0000:00:08.0 eth1: (PCI:33MHz:32-bit) 08:00:27:bd:87:8a
[    4.520921] e1000 0000:00:08.0 eth1: Intel(R) PRO/1000 Network Connection
[    4.531941] e1000 0000:00:08.0 enp0s8: renamed from eth1
[    4.554158] e1000 0000:00:03.0 enp0s3: renamed from eth0
Begin: Loading essential drivers ... [    6.520168] raid6: sse2x1   gen()  8504 MB/s
[    6.572349] raid6: sse2x1   xor()  4785 MB/s
[    6.636233] raid6: sse2x2   gen() 21684 MB/s
[    6.708236] raid6: sse2x2   xor()  9635 MB/s
[    6.760165] raid6: sse2x4   gen() 12607 MB/s
[    6.832483] raid6: sse2x4   xor()  9778 MB/s
[    6.840256] raid6: using algorithm sse2x2 gen() 21684 MB/s
[    6.848392] raid6: .... xor() 9635 MB/s, rmw enabled
[    6.855631] raid6: using ssse3x2 recovery algorithm
[    6.865899] xor: measuring software checksum speed
[    6.979023]    prefetch64-sse: 52227.000 MB/sec
[    7.084226]    generic_sse: 50768.000 MB/sec
[    7.092148] xor: using function: prefetch64-sse (52227.000 MB/sec)
[    7.100812] async_tx: api initialized (async)
done.
Begin: Running /scripts/init-premount ... done.
Begin: Mounting root file system ... Begin: Running /scripts/local-top ... done.
Begin: Running /scripts/local-premount ... [    7.188353] Btrfs loaded, crc32c=crc32c-intel
Scanning for Btrfs filesystems
done.
Warning: fsck not present, so skipping root file system
[    7.245735] EXT4-fs (sda1): mounted filesystem with ordered data mode. Opts: (null)
done.
Begin: Running /scripts/local-bottom ... done.
Begin: Running /scripts/init-bottom ... done.
[    7.489909] ip_tables: (C) 2000-2006 Netfilter Core Team
[    7.514001] systemd[1]: systemd 237 running in system mode. (+PAM +AUDIT +SELINUX +IMA +APPARMOR +SMACK +SYSVINIT +UTMP +LIBCRYPTSETUP +GCRYPT +GNUTLS +ACL +XZ +LZ4 +SECCOMP +BLKID +ELFUTILS +KMOD -IDN2 +IDN -PCRE2 default-hierarchy=hybrid)
[    7.534453] systemd[1]: Detected virtualization oracle.
[    7.539638] systemd[1]: Detected architecture x86-64.

Welcome to [1mUbuntu 18.04.6 LTS[0m!

[    7.553029] systemd[1]: Set hostname to <ubuntu>.
[    7.575962] systemd[1]: Initializing machine ID from random generator.
[    7.588723] systemd[1]: Installed transient /etc/machine-id file.
[    7.886792] systemd[1]: Set up automount Arbitrary Executable File Formats File System Automount Point.
[[0;32m  OK  [0m] Set up automount Arbitrary Executab…rmats File System Automount Point.
[    7.897561] systemd[1]: Created slice System Slice.
[[0;32m  OK  [0m] Created slice System Slice.
[    7.904013] systemd[1]: Listening on LVM2 poll daemon socket.
[[0;32m  OK  [0m] Listening on LVM2 poll daemon socket.
[    7.920600] systemd[1]: Listening on fsck to fsckd communication Socket.
[[0;32m  OK  [0m] Listening on fsck to fsckd communication Socket.
[[0;32m  OK  [0m] Listening on Journal Socket (/dev/log).
[[0;32m  OK  [0m] Listening on udev Kernel Socket.
[[0;32m  OK  [0m] Listening on Journal Socket.
         Starting Create list of required st…ce nodes for the current kernel...
         Starting Uncomplicated firewall...
[[0;32m  OK  [0m] Created slice User and Session Slice.
[[0;32m  OK  [0m] Listening on Network Service Netlink Socket.
[[0;32m  OK  [0m] Listening on /dev/initctl Compatibility Named Pipe.
[[0;32m  OK  [0m] Reached target Swap.
         Starting Load Kernel Modules...
         Mounting Huge Pages File System...
[[0;32m  OK  [0m] [    7.989028] Loading iSCSI transport class v2.0-870.
Listening on Journal Audit Socket.
         Starting File System Check on Root Device...
[[0;32m  OK  [0m] Listening on Syslog Socket.
         Starting Journal Service...
         Mounting POSIX Message Queue File System...[    8.033645] iscsi: registered transport (tcp)

[[0;32m  OK  [0m] Listening on udev Control Socket.
         Starting udev Coldplug all Devices...
[[0;32m  OK  [0m] Reached target User and Group Name Lookups.
[[0;32m  OK  [0m] Listening on LVM2 metadata daemon socket.
[[0;32m  OK  [0m] Reached target System Time Synchronized.
[[0;32m  OK  [0m] Listening on Device-mapper event daemon FIFOs.
         Starting Monitoring of LVM2 mirrors…ng dmeventd or progress polling...
[[0;32m  OK  [0m] Reached target Slices.
         Mounting Kernel Debug File System...
[[0;32m  OK  [0m] Reached target Mounting snaps.
[[0;32m  OK  [0m] Reached target Mounted snaps.
         Starting Set the console keyboard layout...
[[0;32m  OK  [0m] Started Forward Password Requests to Wall Directory Watch.
[[0;32m  OK  [0m] Created slice system-serial\x2dgetty.slice.
[[0;32m  OK  [0m] Started Journal Service.
[[0;32m  OK  [0m] Started Create list of required sta…vice nodes for the current kernel.
[[0;32m  OK  [0m] Started Uncomplicated firewall.
[[0;32m  OK  [0m] [    8.185694] iscsi: registered transport (iser)
Mounted Huge Pages File System.
[[0;32m  OK  [0m] Started Load Kernel Modules.
[[0;32m  OK  [0m] Started File System Check on Root Device.
[[0;32m  OK  [0m] Mounted POSIX Message Queue File System.
[[0;32m  OK  [0m] Mounted Kernel Debug File System.
[[0;32m  OK  [0m] Started LVM2 metadata daemon.
[[0;32m  OK  [0m] Started File System Check Daemon to report status.
         Starting Remount Root and Kernel File Systems...
         Starting Apply Kernel Variables...
         Mounting FUSE Control File System...
         Mounting Kernel Configuration File System...
         Starting Create Static Device Nodes in /dev...
[[0;32m  OK  [0m] Mounted Kernel Configuration File System.
[[0;32m  OK  [0m] Started udev Coldplug all Devices.
[[0;32m  OK  [0m] Started Monitoring of LVM2 mirrors,…sing dmeventd or progress polling.
[[0;32m  OK  [0m] Mounted FUSE Control File System.
[[0;32m  OK  [0m] Started Apply Kernel Variables.
[[0;32m  OK  [0m] Started Remount Root and Kernel File Systems.
[[0;32m  OK  [0m] Started Create Static Device Nodes in /dev.
         Starting Flush Journal to Persistent Storage...
         Starting udev Kernel Device Manager...
         Starting Load/Save Random Seed...
[[0;32m  OK  [0m] Started udev Kernel Device Manager.
[[0;32m  OK  [0m] Started Load/Save Random Seed.
[[0;32m  OK  [0m] Started Flush Journal to Persistent Storage.
[[0;32m  OK  [0m] Found device /dev/ttyS0.
[[0;32m  OK  [0m] Listening on Load/Save RF Kill Switch Status /dev/rfkill Watch.
[[0;32m  OK  [0m] Started Set the console keyboard layout.
         Mounting Arbitrary Executable File Formats File System...
[[0;32m  OK  [0m] Reached target Local File Systems (Pre).
[[0;32m  OK  [0m] Reached target Local File Systems.
         Starting Commit a transient machine-id on disk...
         Starting ebtables ruleset management...
         Starting AppArmor initialization...
         Starting Tell Plymouth To Write Out Runtime Data...
         Starting Set console font and keymap...
         Starting Create Volatile Files and Directories...
[[0;32m  OK  [0m] Started Dispatch Password Requests to Console Directory Watch.
[[0;32m  OK  [0m] Reached target Local Encrypted Volumes.
[[0;32m  OK  [0m] Mounted Arbitrary Executable File Formats File System.
[[0;32m  OK  [0m] Started Commit a transient machine-id on disk.
[[0;32m  OK  [0m] Started Tell Plymouth To Write Out Runtime Data.
[[0;32m  OK  [0m] Started Create Volatile Files and Directories.
         Starting Update UTMP about System Boot/Shutdown...
[[0;32m  OK  [0m] Started Update UTMP about System Boot/Shutdown.
[[0;32m  OK  [0m] Started ebtables ruleset management.
[[0;32m  OK  [0m] Started AppArmor initialization.
         Starting Load AppArmor profiles managed internally by snapd...
         Starting Initial cloud-init job (pre-networking)...
[[0;32m  OK  [0m] Started Load AppArmor profiles managed internally by snapd.
[[0;32m  OK  [0m] Started Set console font and keymap.
[   13.742125] cloud-init[770]: Cloud-init v. 23.1.2-0ubuntu0~18.04.1 running 'init-local' at Mon, 11 Nov 2024 05:29:30 +0000. Up 13.22 seconds.
[[0;32m  OK  [0m] Started Initial cloud-init job (pre-networking).
[[0;32m  OK  [0m] Reached target Network (Pre).
         Starting Network Service...
[[0;32m  OK  [0m] Started Network Service.
         Starting Wait for Network to be Configured...
         Starting Network Name Resolution...
[[0;32m  OK  [0m] Started Network Name Resolution.
[[0;32m  OK  [0m] Reached target Network.
[[0;32m  OK  [0m] Reached target Host and Network Name Lookups.
[[0;32m  OK  [0m] Started Wait for Network to be Configured.
         Starting Initial cloud-init job (metadata service crawler)...
[   16.230918] cloud-init[915]: Cloud-init v. 23.1.2-0ubuntu0~18.04.1 running 'init' at Mon, 11 Nov 2024 05:29:33 +0000. Up 16.02 seconds.
[   16.245908] cloud-init[915]: ci-info: ++++++++++++++++++++++++++++++++++++++Net device info+++++++++++++++++++++++++++++++++++++++
[   16.260205] cloud-init[915]: ci-info: +--------+-------+----------------------------+---------------+--------+-------------------+
[   16.272539] cloud-init[915]: ci-info: | Device |   Up  |          Address           |      Mask     | Scope  |     Hw-Address    |
[   16.282156] cloud-init[915]: ci-info: +--------+-------+----------------------------+---------------+--------+-------------------+
[   16.293109] cloud-init[915]: ci-info: | enp0s3 |  True |         10.0.2.15          | 255.255.255.0 | global | 02:3b:7b:b7:3b:2d |
[   16.308811] cloud-init[915]: ci-info: | enp0s3 |  True | fd00::3b:7bff:feb7:3b2d/64 |       .       | global | 02:3b:7b:b7:3b:2d |
[   16.324450] cloud-init[915]: ci-info: | enp0s3 |  True | fe80::3b:7bff:feb7:3b2d/64 |       .       |  link  | 02:3b:7b:b7:3b:2d |
[   16.329836] cloud-init[915]: ci-info: | enp0s8 | False |             .              |       .       |   .    | 08:00:27:bd:87:8a |
[   16.339921] cloud-init[915]: ci-info: |   lo   |  True |         127.0.0.1          |   255.0.0.0   |  host  |         .         |
[   16.348279] cloud-init[915]: ci-info: |   lo   |  True |          ::1/128           |       .       |  host  |         .         |
[   16.357071] cloud-init[915]: ci-info: +--------+-------+----------------------------+---------------+--------+-------------------+
[   16.370426] cloud-init[915]: ci-info: ++++++++++++++++++++++++++++Route IPv4 info+++++++++++++++++++++++++++++
[   16.383646] cloud-init[915]: ci-info: +-------+-------------+----------+-----------------+-----------+-------+
[   16.394560] cloud-init[915]: ci-info: | Route | Destination | Gateway  |     Genmask     | Interface | Flags |
[   16.399822] cloud-init[915]: ci-info: +-------+-------------+----------+-----------------+-----------+-------+
[   16.405097] cloud-init[915]: ci-info: |   0   |   0.0.0.0   | 10.0.2.2 |     0.0.0.0     |   enp0s3  |   UG  |
[   16.411436] cloud-init[915]: ci-info: |   1   |   10.0.2.0  | 0.0.0.0  |  255.255.255.0  |   enp0s3  |   U   |
[   16.417310] cloud-init[915]: ci-info: |   2   |   10.0.2.2  | 0.0.0.0  | 255.255.255.255 |   enp0s3  |   UH  |
[   16.429758] cloud-init[915]: ci-info: +-------+-------------+----------+-----------------+-----------+-------+
[   16.439020] cloud-init[915]: ci-info: +++++++++++++++++++Route IPv6 info+++++++++++++++++++
[   16.454317] cloud-init[915]: ci-info: +-------+-------------+---------+-----------+-------+
[   16.467857] cloud-init[915]: ci-info: | Route | Destination | Gateway | Interface | Flags |
[   16.476379] cloud-init[915]: ci-info: +-------+-------------+---------+-----------+-------+
[   16.483960] cloud-init[915]: ci-info: |   1   |  fd00::/64  |    ::   |   enp0s3  |   U   |
[   16.490972] cloud-init[915]: ci-info: |   2   |  fe80::/64  |    ::   |   enp0s3  |   U   |
[   16.506106] cloud-init[915]: ci-info: |   3   |     ::/0    | fe80::2 |   enp0s3  |   UG  |
[   16.514758] cloud-init[915]: ci-info: |   5   |    local    |    ::   |   enp0s3  |   U   |
[   16.523786] cloud-init[915]: ci-info: |   6   |   ff00::/8  |    ::   |   enp0s3  |   U   |
[   16.530309] cloud-init[915]: ci-info: +-------+-------------+---------+-----------+-------+
[   17.173293] cloud-init[915]: Generating public/private rsa key pair.
[   17.189488] cloud-init[915]: Your identification has been saved in /etc/ssh/ssh_host_rsa_key.
[   17.196519] cloud-init[915]: Your public key has been saved in /etc/ssh/ssh_host_rsa_key.pub.
[   17.209329] cloud-init[915]: The key fingerprint is:
[   17.212367] cloud-init[915]: SHA256:sR6mUwIWiplkgcePw2GPc8V+FSQm0jHQDt/adFQIj4k root@ubuntu-bionic
[   17.216866] cloud-init[915]: The key's randomart image is:
[   17.229902] cloud-init[915]: +---[RSA 2048]----+
[   17.237328] cloud-init[915]: |.=. +=+.+oo+.    |
[   17.250550] cloud-init[915]: |++=..o== =+      |
[   17.253837] cloud-init[915]: |++.*o*E.+o.      |
[   17.261237] cloud-init[915]: |  *.+.+ +o.      |
[   17.270048] cloud-init[915]: |   +  .=S.       |
[   17.273480] cloud-init[915]: |      .*..       |[[0;32m  OK  [0m] 
[   17.280977] cloud-init[915]: |      o .        |Started Initial cloud-init job (metadata service crawler).
[[0;32m  OK  [0m
[   17.289479] cloud-init[915]: |       .         |] Reached target System Initialization.
[[0;32m  OK  [0m] Listening on ACPID Listen Socket.
         
[   17.307946] Starting Socket activation for snappy daemon.
[[0;32m  OK  [0m] cloud-init[915]: Started Daily Cleanup of Temporary Directories.|                 |
[[0;32m  OK  [0m
[   17.331144] ] Listening on Open-iSCSI iscsid Socket.
cloud-init[915]: +----[SHA256]-----+[[0;32m  OK  [0m] 
[   17.350900] Listening on cloud-init hotplug hook socket.
cloud-init[915]: Generating public/private dsa key pair.
[   17.358442] cloud-init[915]: [[0;32m  OK  [0m] Listening on UUID daemon activation socket.Your identification has been saved in /etc/ssh/ssh_host_dsa_key.
[   17.368702] cloud-init[915]: Your public key has been saved in /etc/ssh/ssh_host_dsa_key.pub.
[[0;32m  OK  [0m] Started Message of the Day.
[[0;32m  OK  [0m
[   17.382055] cloud-init] Started Ubuntu Advantage Timer for running repeated jobs.
[915]: The key fingerprint is:
[   17.389575] cloud-init[915]: SHA256:/8/oYbhIi3sGEI8E9Yg8kntuzMfmJ453sIuYCxiZX1E root@ubuntu-bionic[[0;32m  OK  [0m] Started ACPI Events Check.
[   17.398468] cloud-init
[[0;32m  OK  [0m] Reached target Paths.[915]: The key's randomart image is:
[   17.406552] cloud-init[915]: 
[[0;32m  OK  [0m] +---[DSA 1024]----+
Listening on D-Bus System Message Bus Socket.
[   17.421248] cloud-init[915]: |  .o. E          |
[   17.427180] cloud-init         [915]: | o .o+           |
Starting LXD - unix socket.
[[   17.451420] [0;32m  OK  [0m] cloud-init[915]: |o +.o+.          |
Started Discard unused blocks once a week.
[[0;32m  OK  [0m] Started Daily apt download activities.
[[0;32m  OK  [0m[   17.473961] cloud-init[915]: | = .o..          |
] Started Daily apt upgrade and clean activities.[   17.489787] cloud-init
[[0;32m  OK  [0m] Reached target Timers.[915]: |= . ..  S        |

[[0;32m  OK  [0m] [   17.505039] cloud-initReached target Cloud-config availability.
[[0;32m  OK  [0m[915]: |.B o. .  . .     |
[   17.517092] cloud-init[915]: ] Reached target Network is Online.
|o * +o .. o o    |
[   17.527961] cloud-init[915]: |.+ *+ oooo + +   |
[[0;32m  OK  [0m] [   17.540730] cloud-init[915]: |+.oo+=o+o ..+.o  |Reached target Remote File Systems (Pre).

[   17.551404] [[0;32m  OK  [0m] Reached target Remote File Systems.cloud-init[915]: +----[SHA256]-----+
[   17.563280] 
cloud-init[915]: Generating public/private ecdsa key pair.         Starting Availability of block devices...
[[0;32m  OK  [0m] Listening on Socket activation for snappy daemon.
[   17.592918] cloud-init[915]: 
[[0;32m  OK  [0m] Listening on LXD - unix socket.Your identification has been saved in /etc/ssh/ssh_host_ecdsa_key.
[[0;32m  OK  [0m] 
Started Availability of block devices.
[[0;32m  OK  [0m[   17.645697] cloud-init[915]: Your public key has been saved in /etc/ssh/ssh_host_ecdsa_key.pub.] Reached target Sockets.

[[0;32m  OK  [0m[   17.666430] ] Reached target Basic System.cloud-init
[915]: The key fingerprint is:
         Starting Pollinate to seed the pseudo random number generator...
         Starting Accounts Service...[   17.695388] cloud-init[915]: 
         Starting Permit User Sessions...
         Starting LXD - container startup/shutdown...
SHA256:kRSosYqKsqB7UhgCeCxV7O3n/d1jCcwPa3BnRMPiR5s root@ubuntu-bionic
[   17.778752] cloud-init[915]: The key's randomart image is:
[   17.796937] cloud-init[915]: +---[ECDSA 256]---+
[   17.815367] cloud-init[915]: |.o.o.  .o.    .  |
[   17.839733] cloud-init[915]: |+ o o .. .   . = |
[[0;32m  OK  [0m[   17.871735] ] Started Regular background program processing daemon.
[[0;32m  OK  [0m] cloud-initReached target Login Prompts (Pre).
[915]: |.o . =  o   . + +|
[   17.909072] cloud-init[915]: |o   + .  .   . E |         Starting Dispatcher daemon for systemd-networkd...

[[0;32m  OK  [0m] Started FUSE filesystem for LXC.
[   17.950042] cloud-init[[0;32m  OK  [0m] Started D-Bus System Message Bus.
[915]: |.+ . .  S   o o  |
[   18.020887] cloud-init[915]: |o o   . .  . * o |
[   18.079824] cloud-init[915]: |+.     o .  o B .|
[   18.134334] cloud-init[915]: |B .     . .  + * |
[   18.203199] cloud-init[915]: |==         .o o o|
[   18.226624] cloud-init[915]: +----[SHA256]-----+
[   18.274791] cloud-init[915]: Generating public/private ed25519 key pair.
[   18.311351] cloud-init         Starting LSB: Record successful boot for GRUB...
[[0;32m  OK  [0m] Started Deferred execution scheduler.
         [915]: Your identification has been saved in /etc/ssh/ssh_host_ed25519_key.Starting System Logging Service...
[[0;32m  OK  [0m] Started irqbalance daemon.
         Starting Login Service...
         Starting LSB: automatic crash report generation...
         Starting Snap Daemon...
         Starting Virtualbox guest utils...
[[0;32m  OK  [0m] Started Permit User Sessions.
[[0;32m  OK  [0m] Started LXD - container startup/shutdown.
         Starting Hostname Service...

         Starting Hold until boot process finishes up...
         Starting Terminate Plymouth Boot Screen...
[[0;32m  OK  [0m[   18.737362] cloud-init[915]: Your public key has been saved in /etc/ssh/ssh_host_ed25519_key.pub.] Started Hold until boot process finishes up.
         Starting Authorization Manager...
         Starting Set console scheme...
[[0;32m  OK  [0m] Started Serial Getty on ttyS0.
[[0;32m  OK  [0m] Started Terminate Plymouth Boot Screen.
[[0;32m  OK  [0m] Started Set console scheme.
[[0;32m  OK  [0m
] Started Login Service.
[[0;32m  OK  [0m] Started System Logging Service.
[[0;32m  OK  [0m] Started Unattended Upgrades Shutdown.
[[0;32m  OK  [0m] Created slice system-getty.slice.
[[0;32m  OK  [0m] Started Getty on tty1.
[[0;32m  OK  [0m] Reached target Login Prompts.
[   18.995701] cloud-init[915]: The key fingerprint is:
[   19.132867] cloud-init[[0;32m  OK  [0m] Started LSB: Record successful boot for GRUB.
[[0;32m  OK  [0m] Started Authorization Manager.
[915]: [[0;32m  OK  [0m] Started Accounts Service.
[[0;32m  OK  [0m] Started Hostname Service.
SHA256:uokHffThX0MByRn5AJSpo+bQxgH3sC32iJ8WQFntiKo root@ubuntu-bionic
[   19.301465] cloud-init[915]: The key's randomart image is:
[[0;32m  OK  [0m] Started LSB: automatic crash report generation.[   19.373000] cloud-init
[915]: +--[ED25519 256]--+
[   19.426922] cloud-init[915]: |     o.. .o=o*   |
[   19.545834] cloud-init[915]: |    + o . o * .  |
[   19.609103] cloud-init[915]: |   . + B .   o . |
[   19.676087] cloud-init[915]: |    o * B .   o  |
[   19.746547] cloud-init[915]: |   . B BS+ . .   |
[   19.838110] cloud-init[915]: |  . + X.o o   o  |
[   19.918115] cloud-init[915]: | .   B.+   . . . |
[   19.963191] cloud-init[915]: |E    .*o    .    |
[   20.082955] cloud-init[915]: |    .oo          |
[   20.196337] cloud-init[915]: +----[SHA256]-----+
[[0;32m  OK  [0m] Started Virtualbox guest utils.
[[0;32m  OK  [0m] Started Dispatcher daemon for systemd-networkd.
[[0;32m  OK  [0m] Started Pollinate to seed the pseudo random number generator.
         Starting OpenBSD Secure Shell server...
[[0;32m  OK  [0m] Started OpenBSD Secure Shell server.
[[0;32m  OK  [0m] Created slice User Slice of vagrant.
[[0;32m  OK  [0m] Started Session 1 of user vagrant.
         Starting User Manager for UID 1000...
[[0;32m  OK  [0m] Started User Manager for UID 1000.
[[0;32m  OK  [0m] Started Snap Daemon.
         Starting Wait until snapd is fully seeded...
         Starting Time & Date Service...
[[0;32m  OK  [0m] Started Time & Date Service.

Ubuntu 18.04.6 LTS ubuntu-bionic ttyS0

ubuntu-bionic login: [   28.971281] cloud-init[1459]: Cloud-init v. 23.1.2-0ubuntu0~18.04.1 running 'modules:config' at Mon, 11 Nov 2024 05:29:45 +0000. Up 28.13 seconds.
ci-info: no authorized SSH keys fingerprints found for user ubuntu.
<14>Nov 11 05:29:47 cloud-init: #############################################################
<14>Nov 11 05:29:47 cloud-init: -----BEGIN SSH HOST KEY FINGERPRINTS-----
<14>Nov 11 05:29:47 cloud-init: 1024 SHA256:/8/oYbhIi3sGEI8E9Yg8kntuzMfmJ453sIuYCxiZX1E root@ubuntu-bionic (DSA)
<14>Nov 11 05:29:47 cloud-init: 256 SHA256:kRSosYqKsqB7UhgCeCxV7O3n/d1jCcwPa3BnRMPiR5s root@ubuntu-bionic (ECDSA)
<14>Nov 11 05:29:47 cloud-init: 256 SHA256:uokHffThX0MByRn5AJSpo+bQxgH3sC32iJ8WQFntiKo root@ubuntu-bionic (ED25519)
<14>Nov 11 05:29:47 cloud-init: 2048 SHA256:sR6mUwIWiplkgcePw2GPc8V+FSQm0jHQDt/adFQIj4k root@ubuntu-bionic (RSA)
<14>Nov 11 05:29:47 cloud-init: -----END SSH HOST KEY FINGERPRINTS-----
<14>Nov 11 05:29:47 cloud-init: #############################################################
-----BEGIN SSH HOST KEY KEYS-----
ecdsa-sha2-nistp256 AAAAE2VjZHNhLXNoYTItbmlzdHAyNTYAAAAIbmlzdHAyNTYAAABBBOSRCAhTCqpEQ71hFRAafhAXuDBfRryjd5Voth/OQb3JqOoawfXZWa0/VpnUfotjjhYjL3eDkmLwYYtdMUv2kOM= root@ubuntu-bionic
ssh-ed25519 AAAAC3NzaC1lZDI1NTE5AAAAIMEQp7Q2xxuXzsTMKScFduB1EkK5+KdzNT01/9d2D0lu root@ubuntu-bionic
ssh-rsa AAAAB3NzaC1yc2EAAAADAQABAAABAQCohaPW2PjI2wXE0cWIgonN91qsrf8DjTgvk/qlGzZYWSbfJk0kJ/6AzSRHNBcS0o3mP6psuce2OvgALoGkVNGxv3+J519e/pbr/NVuWAQj/+6nHOpNILu3rLZlX/6X3c7k36DsHlZRHJ+EsRuk9T0XjOp9QWKKDq2FfVNQjrBryC4RWALyoouYZQ+cpYElJ1piOged6cwx7dCIOYrYTGzposjZrMFjgxjlywVLQdl22IVgLPZBVL6O0g5nrHHXQiMXp/sQ8ufQvO/QDvY/nmCdrUWH1Eq4/VnEZJa7q/7eLTz6d0QEXgMM3c42KLgII+0S6U1XppVdefBEG3T21dtH root@ubuntu-bionic
-----END SSH HOST KEY KEYS-----
[   30.270877] cloud-init[1617]: Cloud-init v. 23.1.2-0ubuntu0~18.04.1 running 'modules:final' at Mon, 11 Nov 2024 05:29:47 +0000. Up 29.77 seconds.
[   30.331186] cloud-init[1617]: Cloud-init v. 23.1.2-0ubuntu0~18.04.1 finished at Mon, 11 Nov 2024 05:29:47 +0000. Datasource DataSourceNoCloud [seed=/dev/sdb][dsmode=net].  Up 30.25 seconds
